ARM GAS  C:\Users\lesia\AppData\Local\Temp\cc3E9Ck1.s 			page 1


   1              		.syntax unified
   2              		.cpu cortex-m0
   3              		.fpu softvfp
   4              		.eabi_attribute 20, 1
   5              		.eabi_attribute 21, 1
   6              		.eabi_attribute 23, 3
   7              		.eabi_attribute 24, 1
   8              		.eabi_attribute 25, 1
   9              		.eabi_attribute 26, 1
  10              		.eabi_attribute 30, 6
  11              		.eabi_attribute 34, 0
  12              		.eabi_attribute 18, 4
  13              		.thumb
  14              		.syntax unified
  15              		.file	"debug.c"
  16              		.text
  17              	.Ltext0:
  18              		.cfi_sections	.debug_frame
  19              		.comm	current_watchdog_counter,2,2
  20              		.comm	speedLeft,4,4
  21              		.comm	speedRight,4,4
  22              		.section	.text.SendBLEStatetoUART,"ax",%progbits
  23              		.align	2
  24              		.global	SendBLEStatetoUART
  25              		.code	16
  26              		.thumb_func
  27              		.type	SendBLEStatetoUART, %function
  28              	SendBLEStatetoUART:
  29              	.LFB35:
  30              		.file 1 "debug.c"
   1:debug.c       **** /*******************************************************************************
   2:debug.c       **** * File Name: debug.c
   3:debug.c       **** *
   4:debug.c       **** * Version: 1.0
   5:debug.c       **** *
   6:debug.c       **** * Description:
   7:debug.c       **** * This file contains the definiton for debug functions, using UART as communication
   8:debug.c       **** * medium. These function sends UART data to KitProg/PSoC 5LP, which enumerats as
   9:debug.c       **** * COM port on connected PC.
  10:debug.c       **** *
  11:debug.c       **** ********************************************************************************
  12:debug.c       **** * Copyright 2015, Cypress Semiconductor Corporation.  All rights reserved.
  13:debug.c       **** * You may use this file only in accordance with the license, terms, conditions,
  14:debug.c       **** * disclaimers, and limitations in the end user license agreement accompanying
  15:debug.c       **** * the software package with which this file was provided.
  16:debug.c       **** *******************************************************************************/
  17:debug.c       **** #include <debug.h>
  18:debug.c       **** 
  19:debug.c       **** /*******************************************************************************
  20:debug.c       **** * Function Name: SendBLEStatetoUART
  21:debug.c       **** ********************************************************************************
  22:debug.c       **** * Summary:
  23:debug.c       **** *        Sends the string to UART corresponding to the present BLE state
  24:debug.c       **** *
  25:debug.c       **** * Parameters:
  26:debug.c       **** *  ble_state: current state of the BLE.
  27:debug.c       **** *
ARM GAS  C:\Users\lesia\AppData\Local\Temp\cc3E9Ck1.s 			page 2


  28:debug.c       **** * Return:
  29:debug.c       **** *  void
  30:debug.c       **** *
  31:debug.c       **** *******************************************************************************/
  32:debug.c       **** void SendBLEStatetoUART(CYBLE_STATE_T ble_state)
  33:debug.c       **** {
  31              		.loc 1 33 0
  32              		.cfi_startproc
  33              		@ args = 0, pretend = 0, frame = 8
  34              		@ frame_needed = 1, uses_anonymous_args = 0
  35 0000 80B5     		push	{r7, lr}
  36              		.cfi_def_cfa_offset 8
  37              		.cfi_offset 7, -8
  38              		.cfi_offset 14, -4
  39 0002 82B0     		sub	sp, sp, #8
  40              		.cfi_def_cfa_offset 16
  41 0004 00AF     		add	r7, sp, #0
  42              		.cfi_def_cfa_register 7
  43 0006 0200     		movs	r2, r0
  44 0008 FB1D     		adds	r3, r7, #7
  45 000a 1A70     		strb	r2, [r3]
  34:debug.c       **** 	switch(ble_state)
  46              		.loc 1 34 0
  47 000c FB1D     		adds	r3, r7, #7
  48 000e 1B78     		ldrb	r3, [r3]
  49 0010 062B     		cmp	r3, #6
  50 0012 04D8     		bhi	.L12
  51 0014 9A00     		lsls	r2, r3, #2
  52 0016 054B     		ldr	r3, .L14
  53 0018 D318     		adds	r3, r2, r3
  54 001a 1B68     		ldr	r3, [r3]
  55 001c 9F46     		mov	pc, r3
  56              		.section	.rodata
  57              		.align	2
  58              	.L4:
  59 0000 22000000 		.word	.L13
  60 0004 22000000 		.word	.L13
  61 0008 22000000 		.word	.L13
  62 000c 22000000 		.word	.L13
  63 0010 22000000 		.word	.L13
  64 0014 22000000 		.word	.L13
  65 0018 22000000 		.word	.L13
  66              		.section	.text.SendBLEStatetoUART
  67              	.L12:
  35:debug.c       **** 	{
  36:debug.c       **** 		case CYBLE_STATE_STOPPED:
  37:debug.c       **** 		#ifdef DEBUG_ENABLED
  38:debug.c       **** 			UART_UartPutString(" |BLE State: CYBLE_STATE_STOPPED ");
  39:debug.c       **** 		#endif
  40:debug.c       **** 		break;
  41:debug.c       **** 		
  42:debug.c       **** 		case CYBLE_STATE_INITIALIZING:
  43:debug.c       **** 		#ifdef DEBUG_ENABLED
  44:debug.c       **** 			UART_UartPutString(" |BLE State: CYBLE_STATE_INITIALIZING ");
  45:debug.c       **** 		#endif
  46:debug.c       **** 		break;
  47:debug.c       **** 		
ARM GAS  C:\Users\lesia\AppData\Local\Temp\cc3E9Ck1.s 			page 3


  48:debug.c       **** 		case CYBLE_STATE_CONNECTED:
  49:debug.c       **** 		#ifdef DEBUG_ENABLED
  50:debug.c       **** 			UART_UartPutString(" |BLE State: CYBLE_STATE_CONNECTED ");
  51:debug.c       **** 		#endif
  52:debug.c       **** 		break;
  53:debug.c       **** 		
  54:debug.c       **** 		case CYBLE_STATE_ADVERTISING:
  55:debug.c       **** 		#ifdef DEBUG_ENABLED
  56:debug.c       **** 			UART_UartPutString(" |BLE State: CYBLE_STATE_ADVERTISING ");
  57:debug.c       **** 		#endif
  58:debug.c       **** 		break;
  59:debug.c       **** 		
  60:debug.c       **** 		case CYBLE_STATE_SCANNING:
  61:debug.c       **** 		#ifdef DEBUG_ENABLED
  62:debug.c       **** 			UART_UartPutString(" |BLE State: CYBLE_STATE_SCANNING ");
  63:debug.c       **** 		#endif
  64:debug.c       **** 		break;
  65:debug.c       **** 		
  66:debug.c       **** 		case CYBLE_STATE_CONNECTING:
  67:debug.c       **** 		#ifdef DEBUG_ENABLED
  68:debug.c       **** 			UART_UartPutString(" |BLE State: CYBLE_STATE_CONNECTING ");
  69:debug.c       **** 		#endif
  70:debug.c       **** 		break;
  71:debug.c       **** 		
  72:debug.c       **** 		case CYBLE_STATE_DISCONNECTED:
  73:debug.c       **** 		#ifdef DEBUG_ENABLED
  74:debug.c       **** 			UART_UartPutString(" |BLE State: CYBLE_STATE_DISCONNECTED ");
  75:debug.c       **** 		#endif
  76:debug.c       **** 		break;
  77:debug.c       **** 		
  78:debug.c       **** 		default:
  79:debug.c       **** 		#ifdef DEBUG_ENABLED
  80:debug.c       **** 			UART_UartPutString(" |BLE State: UNKNOWN STATE ");
  81:debug.c       **** 		#endif
  82:debug.c       **** 		break;
  68              		.loc 1 82 0
  69 001e C046     		nop
  70 0020 00E0     		b	.L11
  71              	.L13:
  76:debug.c       **** 		
  72              		.loc 1 76 0
  73 0022 C046     		nop
  74              	.L11:
  83:debug.c       **** 	}
  84:debug.c       **** }
  75              		.loc 1 84 0
  76 0024 C046     		nop
  77 0026 BD46     		mov	sp, r7
  78 0028 02B0     		add	sp, sp, #8
  79              		@ sp needed
  80 002a 80BD     		pop	{r7, pc}
  81              	.L15:
  82              		.align	2
  83              	.L14:
  84 002c 00000000 		.word	.L4
  85              		.cfi_endproc
  86              	.LFE35:
ARM GAS  C:\Users\lesia\AppData\Local\Temp\cc3E9Ck1.s 			page 4


  87              		.size	SendBLEStatetoUART, .-SendBLEStatetoUART
  88              		.section	.text.PrintNum,"ax",%progbits
  89              		.align	2
  90              		.global	PrintNum
  91              		.code	16
  92              		.thumb_func
  93              		.type	PrintNum, %function
  94              	PrintNum:
  95              	.LFB36:
  85:debug.c       **** 
  86:debug.c       **** /*******************************************************************************
  87:debug.c       **** * Function Name: PrintNum
  88:debug.c       **** ********************************************************************************
  89:debug.c       **** * Summary:
  90:debug.c       **** *        Converts decimal number to characters in ASCII that can be printed on 
  91:debug.c       **** * terminal.
  92:debug.c       **** *
  93:debug.c       **** * Parameters:
  94:debug.c       **** *  num: number to be converted to string.
  95:debug.c       **** *
  96:debug.c       **** * Return:
  97:debug.c       **** *  void
  98:debug.c       **** *
  99:debug.c       **** *******************************************************************************/
 100:debug.c       **** void PrintNum(uint8 num)
 101:debug.c       **** {
  96              		.loc 1 101 0
  97              		.cfi_startproc
  98              		@ args = 0, pretend = 0, frame = 8
  99              		@ frame_needed = 1, uses_anonymous_args = 0
 100 0000 80B5     		push	{r7, lr}
 101              		.cfi_def_cfa_offset 8
 102              		.cfi_offset 7, -8
 103              		.cfi_offset 14, -4
 104 0002 82B0     		sub	sp, sp, #8
 105              		.cfi_def_cfa_offset 16
 106 0004 00AF     		add	r7, sp, #0
 107              		.cfi_def_cfa_register 7
 108 0006 0200     		movs	r2, r0
 109 0008 FB1D     		adds	r3, r7, #7
 110 000a 1A70     		strb	r2, [r3]
 102:debug.c       **** 	#ifdef DEBUG_ENABLED
 103:debug.c       **** 	uint8 temp[3];
 104:debug.c       **** 	
 105:debug.c       **** 	temp[0] = num%10;
 106:debug.c       **** 	num = num/10;
 107:debug.c       **** 	temp[1] = num%10;
 108:debug.c       **** 	num = num/10;
 109:debug.c       **** 	temp[2] = num%10;
 110:debug.c       **** 	
 111:debug.c       **** 	if(temp[2] == 0)
 112:debug.c       **** 	{
 113:debug.c       **** 		if(temp[1] == 0)
 114:debug.c       **** 		{
 115:debug.c       **** 			UART_UartPutChar('0' + temp[0]);
 116:debug.c       **** 		}
 117:debug.c       **** 		else
ARM GAS  C:\Users\lesia\AppData\Local\Temp\cc3E9Ck1.s 			page 5


 118:debug.c       **** 		{
 119:debug.c       **** 			UART_UartPutChar('0' + temp[1]);
 120:debug.c       **** 			UART_UartPutChar('0' + temp[0]);	
 121:debug.c       **** 		}
 122:debug.c       **** 	}
 123:debug.c       **** 	else
 124:debug.c       **** 	{
 125:debug.c       **** 		UART_UartPutChar('0' + temp[2]);
 126:debug.c       **** 		UART_UartPutChar('0' + temp[1]);
 127:debug.c       **** 		UART_UartPutChar('0' + temp[0]);
 128:debug.c       **** 	}
 129:debug.c       **** 	#else
 130:debug.c       **** 		num = num;
 111              		.loc 1 130 0
 112 000c FB1D     		adds	r3, r7, #7
 113 000e FA1D     		adds	r2, r7, #7
 114 0010 1278     		ldrb	r2, [r2]
 115 0012 1A70     		strb	r2, [r3]
 131:debug.c       **** 	#endif
 132:debug.c       **** }
 116              		.loc 1 132 0
 117 0014 C046     		nop
 118 0016 BD46     		mov	sp, r7
 119 0018 02B0     		add	sp, sp, #8
 120              		@ sp needed
 121 001a 80BD     		pop	{r7, pc}
 122              		.cfi_endproc
 123              	.LFE36:
 124              		.size	PrintNum, .-PrintNum
 125              		.section	.text.PrintHex,"ax",%progbits
 126              		.align	2
 127              		.global	PrintHex
 128              		.code	16
 129              		.thumb_func
 130              		.type	PrintHex, %function
 131              	PrintHex:
 132              	.LFB37:
 133:debug.c       **** 
 134:debug.c       **** /*******************************************************************************
 135:debug.c       **** * Function Name: PrintHex
 136:debug.c       **** ********************************************************************************
 137:debug.c       **** * Summary:
 138:debug.c       **** *        Converts HEX number to characters in ASCII that can be printed on 
 139:debug.c       **** * terminal.
 140:debug.c       **** *
 141:debug.c       **** * Parameters:
 142:debug.c       **** *  num: HEX to be converted to string.
 143:debug.c       **** *
 144:debug.c       **** * Return:
 145:debug.c       **** *  void
 146:debug.c       **** *
 147:debug.c       **** *******************************************************************************/
 148:debug.c       **** void PrintHex(uint8 num)
 149:debug.c       **** {
 133              		.loc 1 149 0
 134              		.cfi_startproc
 135              		@ args = 0, pretend = 0, frame = 8
ARM GAS  C:\Users\lesia\AppData\Local\Temp\cc3E9Ck1.s 			page 6


 136              		@ frame_needed = 1, uses_anonymous_args = 0
 137 0000 80B5     		push	{r7, lr}
 138              		.cfi_def_cfa_offset 8
 139              		.cfi_offset 7, -8
 140              		.cfi_offset 14, -4
 141 0002 82B0     		sub	sp, sp, #8
 142              		.cfi_def_cfa_offset 16
 143 0004 00AF     		add	r7, sp, #0
 144              		.cfi_def_cfa_register 7
 145 0006 0200     		movs	r2, r0
 146 0008 FB1D     		adds	r3, r7, #7
 147 000a 1A70     		strb	r2, [r3]
 150:debug.c       **** 	#ifdef DEBUG_ENABLED
 151:debug.c       **** 	uint8 temp[2];
 152:debug.c       **** 	
 153:debug.c       **** 	temp[0] = num%16;
 154:debug.c       **** 	num = num/16;
 155:debug.c       **** 	temp[1] = num%16;
 156:debug.c       **** 
 157:debug.c       **** 	UART_UartPutString("0x");
 158:debug.c       **** 	if(temp[1] < 10)
 159:debug.c       **** 	{
 160:debug.c       **** 		UART_UartPutChar('0' + temp[1]);
 161:debug.c       **** 	}
 162:debug.c       **** 	else
 163:debug.c       **** 	{
 164:debug.c       **** 		UART_UartPutChar('A' + (temp[1] - 10));
 165:debug.c       **** 	}
 166:debug.c       **** 
 167:debug.c       **** 	if(temp[0] < 10)
 168:debug.c       **** 	{
 169:debug.c       **** 		UART_UartPutChar('0' + temp[0]);
 170:debug.c       **** 	}
 171:debug.c       **** 	else
 172:debug.c       **** 	{
 173:debug.c       **** 		UART_UartPutChar('A' + (temp[0] - 10));
 174:debug.c       **** 	}	
 175:debug.c       **** 	#else
 176:debug.c       **** 		num = num;
 148              		.loc 1 176 0
 149 000c FB1D     		adds	r3, r7, #7
 150 000e FA1D     		adds	r2, r7, #7
 151 0010 1278     		ldrb	r2, [r2]
 152 0012 1A70     		strb	r2, [r3]
 177:debug.c       **** 	#endif
 178:debug.c       **** }
 153              		.loc 1 178 0
 154 0014 C046     		nop
 155 0016 BD46     		mov	sp, r7
 156 0018 02B0     		add	sp, sp, #8
 157              		@ sp needed
 158 001a 80BD     		pop	{r7, pc}
 159              		.cfi_endproc
 160              	.LFE37:
 161              		.size	PrintHex, .-PrintHex
 162              		.text
 163              	.Letext0:
ARM GAS  C:\Users\lesia\AppData\Local\Temp\cc3E9Ck1.s 			page 7


 164              		.file 2 "Generated_Source\\PSoC4/cytypes.h"
 165              		.file 3 "Generated_Source\\PSoC4/BLE_Stack.h"
 166              		.file 4 "Generated_Source\\PSoC4/BLE_eventHandler.h"
 167              		.file 5 "./main.h"
 168              		.section	.debug_info,"",%progbits
 169              	.Ldebug_info0:
 170 0000 7A030000 		.4byte	0x37a
 171 0004 0400     		.2byte	0x4
 172 0006 00000000 		.4byte	.Ldebug_abbrev0
 173 000a 04       		.byte	0x4
 174 000b 01       		.uleb128 0x1
 175 000c AC040000 		.4byte	.LASF108
 176 0010 0C       		.byte	0xc
 177 0011 2B060000 		.4byte	.LASF109
 178 0015 FA050000 		.4byte	.LASF110
 179 0019 00000000 		.4byte	.Ldebug_ranges0+0
 180 001d 00000000 		.4byte	0
 181 0021 00000000 		.4byte	.Ldebug_line0
 182 0025 02       		.uleb128 0x2
 183 0026 01       		.byte	0x1
 184 0027 06       		.byte	0x6
 185 0028 33060000 		.4byte	.LASF0
 186 002c 02       		.uleb128 0x2
 187 002d 01       		.byte	0x1
 188 002e 08       		.byte	0x8
 189 002f AE050000 		.4byte	.LASF1
 190 0033 02       		.uleb128 0x2
 191 0034 02       		.byte	0x2
 192 0035 05       		.byte	0x5
 193 0036 B5000000 		.4byte	.LASF2
 194 003a 02       		.uleb128 0x2
 195 003b 02       		.byte	0x2
 196 003c 07       		.byte	0x7
 197 003d 74070000 		.4byte	.LASF3
 198 0041 02       		.uleb128 0x2
 199 0042 04       		.byte	0x4
 200 0043 05       		.byte	0x5
 201 0044 D0030000 		.4byte	.LASF4
 202 0048 02       		.uleb128 0x2
 203 0049 04       		.byte	0x4
 204 004a 07       		.byte	0x7
 205 004b C4060000 		.4byte	.LASF5
 206 004f 02       		.uleb128 0x2
 207 0050 08       		.byte	0x8
 208 0051 05       		.byte	0x5
 209 0052 66010000 		.4byte	.LASF6
 210 0056 02       		.uleb128 0x2
 211 0057 08       		.byte	0x8
 212 0058 07       		.byte	0x7
 213 0059 7F030000 		.4byte	.LASF7
 214 005d 03       		.uleb128 0x3
 215 005e 04       		.byte	0x4
 216 005f 05       		.byte	0x5
 217 0060 696E7400 		.ascii	"int\000"
 218 0064 02       		.uleb128 0x2
 219 0065 04       		.byte	0x4
 220 0066 07       		.byte	0x7
ARM GAS  C:\Users\lesia\AppData\Local\Temp\cc3E9Ck1.s 			page 8


 221 0067 9C060000 		.4byte	.LASF8
 222 006b 04       		.uleb128 0x4
 223 006c 29080000 		.4byte	.LASF9
 224 0070 02       		.byte	0x2
 225 0071 FC01     		.2byte	0x1fc
 226 0073 2C000000 		.4byte	0x2c
 227 0077 04       		.uleb128 0x4
 228 0078 2B020000 		.4byte	.LASF10
 229 007c 02       		.byte	0x2
 230 007d FD01     		.2byte	0x1fd
 231 007f 3A000000 		.4byte	0x3a
 232 0083 02       		.uleb128 0x2
 233 0084 04       		.byte	0x4
 234 0085 04       		.byte	0x4
 235 0086 16030000 		.4byte	.LASF11
 236 008a 02       		.uleb128 0x2
 237 008b 08       		.byte	0x8
 238 008c 04       		.byte	0x4
 239 008d F9080000 		.4byte	.LASF12
 240 0091 02       		.uleb128 0x2
 241 0092 01       		.byte	0x1
 242 0093 08       		.byte	0x8
 243 0094 EF070000 		.4byte	.LASF13
 244 0098 05       		.uleb128 0x5
 245 0099 77000000 		.4byte	0x77
 246 009d 02       		.uleb128 0x2
 247 009e 08       		.byte	0x8
 248 009f 04       		.byte	0x4
 249 00a0 7C050000 		.4byte	.LASF14
 250 00a4 02       		.uleb128 0x2
 251 00a5 04       		.byte	0x4
 252 00a6 07       		.byte	0x7
 253 00a7 0A010000 		.4byte	.LASF15
 254 00ab 06       		.uleb128 0x6
 255 00ac 01       		.byte	0x1
 256 00ad 2C000000 		.4byte	0x2c
 257 00b1 03       		.byte	0x3
 258 00b2 3501     		.2byte	0x135
 259 00b4 69020000 		.4byte	0x269
 260 00b8 07       		.uleb128 0x7
 261 00b9 96020000 		.4byte	.LASF16
 262 00bd 00       		.byte	0
 263 00be 07       		.uleb128 0x7
 264 00bf AF010000 		.4byte	.LASF17
 265 00c3 01       		.byte	0x1
 266 00c4 07       		.uleb128 0x7
 267 00c5 800A0000 		.4byte	.LASF18
 268 00c9 02       		.byte	0x2
 269 00ca 07       		.uleb128 0x7
 270 00cb 77090000 		.4byte	.LASF19
 271 00cf 03       		.byte	0x3
 272 00d0 07       		.uleb128 0x7
 273 00d1 51010000 		.4byte	.LASF20
 274 00d5 04       		.byte	0x4
 275 00d6 07       		.uleb128 0x7
 276 00d7 6A040000 		.4byte	.LASF21
 277 00db 05       		.byte	0x5
ARM GAS  C:\Users\lesia\AppData\Local\Temp\cc3E9Ck1.s 			page 9


 278 00dc 07       		.uleb128 0x7
 279 00dd 4C000000 		.4byte	.LASF22
 280 00e1 06       		.byte	0x6
 281 00e2 07       		.uleb128 0x7
 282 00e3 D5090000 		.4byte	.LASF23
 283 00e7 20       		.byte	0x20
 284 00e8 07       		.uleb128 0x7
 285 00e9 D6060000 		.4byte	.LASF24
 286 00ed 21       		.byte	0x21
 287 00ee 07       		.uleb128 0x7
 288 00ef 14000000 		.4byte	.LASF25
 289 00f3 22       		.byte	0x22
 290 00f4 07       		.uleb128 0x7
 291 00f5 86040000 		.4byte	.LASF26
 292 00f9 23       		.byte	0x23
 293 00fa 07       		.uleb128 0x7
 294 00fb 80060000 		.4byte	.LASF27
 295 00ff 24       		.byte	0x24
 296 0100 07       		.uleb128 0x7
 297 0101 BF000000 		.4byte	.LASF28
 298 0105 25       		.byte	0x25
 299 0106 07       		.uleb128 0x7
 300 0107 4F090000 		.4byte	.LASF29
 301 010b 26       		.byte	0x26
 302 010c 07       		.uleb128 0x7
 303 010d 0A040000 		.4byte	.LASF30
 304 0111 27       		.byte	0x27
 305 0112 07       		.uleb128 0x7
 306 0113 320B0000 		.4byte	.LASF31
 307 0117 28       		.byte	0x28
 308 0118 07       		.uleb128 0x7
 309 0119 1C070000 		.4byte	.LASF32
 310 011d 29       		.byte	0x29
 311 011e 07       		.uleb128 0x7
 312 011f 9F070000 		.4byte	.LASF33
 313 0123 2A       		.byte	0x2a
 314 0124 07       		.uleb128 0x7
 315 0125 99080000 		.4byte	.LASF34
 316 0129 2B       		.byte	0x2b
 317 012a 07       		.uleb128 0x7
 318 012b 32020000 		.4byte	.LASF35
 319 012f 2C       		.byte	0x2c
 320 0130 07       		.uleb128 0x7
 321 0131 35030000 		.4byte	.LASF36
 322 0135 2D       		.byte	0x2d
 323 0136 07       		.uleb128 0x7
 324 0137 91000000 		.4byte	.LASF37
 325 013b 2E       		.byte	0x2e
 326 013c 07       		.uleb128 0x7
 327 013d 8F0B0000 		.4byte	.LASF38
 328 0141 2F       		.byte	0x2f
 329 0142 07       		.uleb128 0x7
 330 0143 30010000 		.4byte	.LASF39
 331 0147 30       		.byte	0x30
 332 0148 07       		.uleb128 0x7
 333 0149 58050000 		.4byte	.LASF40
 334 014d 31       		.byte	0x31
ARM GAS  C:\Users\lesia\AppData\Local\Temp\cc3E9Ck1.s 			page 10


 335 014e 07       		.uleb128 0x7
 336 014f 5E030000 		.4byte	.LASF41
 337 0153 32       		.byte	0x32
 338 0154 07       		.uleb128 0x7
 339 0155 C8070000 		.4byte	.LASF42
 340 0159 33       		.byte	0x33
 341 015a 07       		.uleb128 0x7
 342 015b 39070000 		.4byte	.LASF43
 343 015f 34       		.byte	0x34
 344 0160 07       		.uleb128 0x7
 345 0161 23090000 		.4byte	.LASF44
 346 0165 35       		.byte	0x35
 347 0166 07       		.uleb128 0x7
 348 0167 96030000 		.4byte	.LASF45
 349 016b 36       		.byte	0x36
 350 016c 07       		.uleb128 0x7
 351 016d D8010000 		.4byte	.LASF46
 352 0171 37       		.byte	0x37
 353 0172 07       		.uleb128 0x7
 354 0173 65000000 		.4byte	.LASF47
 355 0177 40       		.byte	0x40
 356 0178 07       		.uleb128 0x7
 357 0179 A9060000 		.4byte	.LASF48
 358 017d 41       		.byte	0x41
 359 017e 07       		.uleb128 0x7
 360 017f D9000000 		.4byte	.LASF49
 361 0183 42       		.byte	0x42
 362 0184 07       		.uleb128 0x7
 363 0185 0D020000 		.4byte	.LASF50
 364 0189 43       		.byte	0x43
 365 018a 07       		.uleb128 0x7
 366 018b 3E0A0000 		.4byte	.LASF51
 367 018f 44       		.byte	0x44
 368 0190 07       		.uleb128 0x7
 369 0191 F9090000 		.4byte	.LASF52
 370 0195 45       		.byte	0x45
 371 0196 07       		.uleb128 0x7
 372 0197 8E010000 		.4byte	.LASF53
 373 019b 46       		.byte	0x46
 374 019c 07       		.uleb128 0x7
 375 019d C90A0000 		.4byte	.LASF54
 376 01a1 47       		.byte	0x47
 377 01a2 07       		.uleb128 0x7
 378 01a3 59060000 		.4byte	.LASF55
 379 01a7 48       		.byte	0x48
 380 01a8 07       		.uleb128 0x7
 381 01a9 1C030000 		.4byte	.LASF56
 382 01ad 49       		.byte	0x49
 383 01ae 07       		.uleb128 0x7
 384 01af 44080000 		.4byte	.LASF57
 385 01b3 4A       		.byte	0x4a
 386 01b4 07       		.uleb128 0x7
 387 01b5 56020000 		.4byte	.LASF58
 388 01b9 4B       		.byte	0x4b
 389 01ba 07       		.uleb128 0x7
 390 01bb 3F060000 		.4byte	.LASF59
 391 01bf 4C       		.byte	0x4c
ARM GAS  C:\Users\lesia\AppData\Local\Temp\cc3E9Ck1.s 			page 11


 392 01c0 07       		.uleb128 0x7
 393 01c1 74010000 		.4byte	.LASF60
 394 01c5 4D       		.byte	0x4d
 395 01c6 07       		.uleb128 0x7
 396 01c7 200A0000 		.4byte	.LASF61
 397 01cb 4E       		.byte	0x4e
 398 01cc 07       		.uleb128 0x7
 399 01cd BC050000 		.4byte	.LASF62
 400 01d1 4F       		.byte	0x4f
 401 01d2 07       		.uleb128 0x7
 402 01d3 130B0000 		.4byte	.LASF63
 403 01d7 50       		.byte	0x50
 404 01d8 07       		.uleb128 0x7
 405 01d9 7A080000 		.4byte	.LASF64
 406 01dd 51       		.byte	0x51
 407 01de 07       		.uleb128 0x7
 408 01df 49040000 		.4byte	.LASF65
 409 01e3 52       		.byte	0x52
 410 01e4 07       		.uleb128 0x7
 411 01e5 D9030000 		.4byte	.LASF66
 412 01e9 53       		.byte	0x53
 413 01ea 07       		.uleb128 0x7
 414 01eb 75020000 		.4byte	.LASF67
 415 01ef 54       		.byte	0x54
 416 01f0 07       		.uleb128 0x7
 417 01f1 540B0000 		.4byte	.LASF68
 418 01f5 55       		.byte	0x55
 419 01f6 07       		.uleb128 0x7
 420 01f7 E70A0000 		.4byte	.LASF69
 421 01fb 56       		.byte	0x56
 422 01fc 07       		.uleb128 0x7
 423 01fd A00A0000 		.4byte	.LASF70
 424 0201 57       		.byte	0x57
 425 0202 07       		.uleb128 0x7
 426 0203 51070000 		.4byte	.LASF71
 427 0207 58       		.byte	0x58
 428 0208 07       		.uleb128 0x7
 429 0209 88050000 		.4byte	.LASF72
 430 020d 70       		.byte	0x70
 431 020e 07       		.uleb128 0x7
 432 020f AF090000 		.4byte	.LASF73
 433 0213 71       		.byte	0x71
 434 0214 07       		.uleb128 0x7
 435 0215 F4070000 		.4byte	.LASF74
 436 0219 72       		.byte	0x72
 437 021a 07       		.uleb128 0x7
 438 021b BE020000 		.4byte	.LASF75
 439 021f 73       		.byte	0x73
 440 0220 07       		.uleb128 0x7
 441 0221 3A050000 		.4byte	.LASF76
 442 0225 74       		.byte	0x74
 443 0226 07       		.uleb128 0x7
 444 0227 FB060000 		.4byte	.LASF77
 445 022b 75       		.byte	0x75
 446 022c 07       		.uleb128 0x7
 447 022d DC020000 		.4byte	.LASF78
 448 0231 76       		.byte	0x76
ARM GAS  C:\Users\lesia\AppData\Local\Temp\cc3E9Ck1.s 			page 12


 449 0232 07       		.uleb128 0x7
 450 0233 90090000 		.4byte	.LASF79
 451 0237 77       		.byte	0x77
 452 0238 07       		.uleb128 0x7
 453 0239 D6080000 		.4byte	.LASF80
 454 023d 78       		.byte	0x78
 455 023e 07       		.uleb128 0x7
 456 023f 00090000 		.4byte	.LASF81
 457 0243 79       		.byte	0x79
 458 0244 07       		.uleb128 0x7
 459 0245 5C0A0000 		.4byte	.LASF82
 460 0249 7A       		.byte	0x7a
 461 024a 07       		.uleb128 0x7
 462 024b B8080000 		.4byte	.LASF83
 463 024f FA       		.byte	0xfa
 464 0250 07       		.uleb128 0x7
 465 0251 DB050000 		.4byte	.LASF84
 466 0255 FB       		.byte	0xfb
 467 0256 07       		.uleb128 0x7
 468 0257 7F000000 		.4byte	.LASF85
 469 025b FC       		.byte	0xfc
 470 025c 07       		.uleb128 0x7
 471 025d 87070000 		.4byte	.LASF86
 472 0261 FD       		.byte	0xfd
 473 0262 07       		.uleb128 0x7
 474 0263 920A0000 		.4byte	.LASF87
 475 0267 FF       		.byte	0xff
 476 0268 00       		.byte	0
 477 0269 06       		.uleb128 0x6
 478 026a 01       		.byte	0x1
 479 026b 2C000000 		.4byte	0x2c
 480 026f 04       		.byte	0x4
 481 0270 A808     		.2byte	0x8a8
 482 0272 A1020000 		.4byte	0x2a1
 483 0276 07       		.uleb128 0x7
 484 0277 00000000 		.4byte	.LASF88
 485 027b 00       		.byte	0
 486 027c 07       		.uleb128 0x7
 487 027d FD020000 		.4byte	.LASF89
 488 0281 01       		.byte	0x1
 489 0282 07       		.uleb128 0x7
 490 0283 C2010000 		.4byte	.LASF90
 491 0287 02       		.byte	0x2
 492 0288 07       		.uleb128 0x7
 493 0289 62080000 		.4byte	.LASF91
 494 028d 03       		.byte	0x3
 495 028e 07       		.uleb128 0x7
 496 028f 2F080000 		.4byte	.LASF92
 497 0293 04       		.byte	0x4
 498 0294 07       		.uleb128 0x7
 499 0295 780B0000 		.4byte	.LASF93
 500 0299 05       		.byte	0x5
 501 029a 07       		.uleb128 0x7
 502 029b 10080000 		.4byte	.LASF94
 503 029f 06       		.byte	0x6
 504 02a0 00       		.byte	0
 505 02a1 04       		.uleb128 0x4
ARM GAS  C:\Users\lesia\AppData\Local\Temp\cc3E9Ck1.s 			page 13


 506 02a2 ED060000 		.4byte	.LASF95
 507 02a6 04       		.byte	0x4
 508 02a7 B608     		.2byte	0x8b6
 509 02a9 69020000 		.4byte	0x269
 510 02ad 06       		.uleb128 0x6
 511 02ae 01       		.byte	0x1
 512 02af 2C000000 		.4byte	0x2c
 513 02b3 04       		.byte	0x4
 514 02b4 EB08     		.2byte	0x8eb
 515 02b6 D9020000 		.4byte	0x2d9
 516 02ba 07       		.uleb128 0x7
 517 02bb 40090000 		.4byte	.LASF96
 518 02bf 00       		.byte	0
 519 02c0 07       		.uleb128 0x7
 520 02c1 FA030000 		.4byte	.LASF97
 521 02c5 01       		.byte	0x1
 522 02c6 07       		.uleb128 0x7
 523 02c7 F7000000 		.4byte	.LASF98
 524 02cb 02       		.byte	0x2
 525 02cc 07       		.uleb128 0x7
 526 02cd 32040000 		.4byte	.LASF99
 527 02d1 02       		.byte	0x2
 528 02d2 07       		.uleb128 0x7
 529 02d3 AD020000 		.4byte	.LASF100
 530 02d7 03       		.byte	0x3
 531 02d8 00       		.byte	0
 532 02d9 08       		.uleb128 0x8
 533 02da 13010000 		.4byte	.LASF101
 534 02de 01       		.byte	0x1
 535 02df 20       		.byte	0x20
 536 02e0 00000000 		.4byte	.LFB35
 537 02e4 30000000 		.4byte	.LFE35-.LFB35
 538 02e8 01       		.uleb128 0x1
 539 02e9 9C       		.byte	0x9c
 540 02ea FD020000 		.4byte	0x2fd
 541 02ee 09       		.uleb128 0x9
 542 02ef 090B0000 		.4byte	.LASF103
 543 02f3 01       		.byte	0x1
 544 02f4 20       		.byte	0x20
 545 02f5 A1020000 		.4byte	0x2a1
 546 02f9 02       		.uleb128 0x2
 547 02fa 91       		.byte	0x91
 548 02fb 77       		.sleb128 -9
 549 02fc 00       		.byte	0
 550 02fd 08       		.uleb128 0x8
 551 02fe 29040000 		.4byte	.LASF102
 552 0302 01       		.byte	0x1
 553 0303 64       		.byte	0x64
 554 0304 00000000 		.4byte	.LFB36
 555 0308 1C000000 		.4byte	.LFE36-.LFB36
 556 030c 01       		.uleb128 0x1
 557 030d 9C       		.byte	0x9c
 558 030e 21030000 		.4byte	0x321
 559 0312 0A       		.uleb128 0xa
 560 0313 6E756D00 		.ascii	"num\000"
 561 0317 01       		.byte	0x1
 562 0318 64       		.byte	0x64
ARM GAS  C:\Users\lesia\AppData\Local\Temp\cc3E9Ck1.s 			page 14


 563 0319 6B000000 		.4byte	0x6b
 564 031d 02       		.uleb128 0x2
 565 031e 91       		.byte	0x91
 566 031f 77       		.sleb128 -9
 567 0320 00       		.byte	0
 568 0321 08       		.uleb128 0x8
 569 0322 38000000 		.4byte	.LASF104
 570 0326 01       		.byte	0x1
 571 0327 94       		.byte	0x94
 572 0328 00000000 		.4byte	.LFB37
 573 032c 1C000000 		.4byte	.LFE37-.LFB37
 574 0330 01       		.uleb128 0x1
 575 0331 9C       		.byte	0x9c
 576 0332 45030000 		.4byte	0x345
 577 0336 0A       		.uleb128 0xa
 578 0337 6E756D00 		.ascii	"num\000"
 579 033b 01       		.byte	0x1
 580 033c 94       		.byte	0x94
 581 033d 6B000000 		.4byte	0x6b
 582 0341 02       		.uleb128 0x2
 583 0342 91       		.byte	0x91
 584 0343 77       		.sleb128 -9
 585 0344 00       		.byte	0
 586 0345 0B       		.uleb128 0xb
 587 0346 B7030000 		.4byte	.LASF105
 588 034a 05       		.byte	0x5
 589 034b 22       		.byte	0x22
 590 034c 98000000 		.4byte	0x98
 591 0350 05       		.uleb128 0x5
 592 0351 03       		.byte	0x3
 593 0352 00000000 		.4byte	current_watchdog_counter
 594 0356 0B       		.uleb128 0xb
 595 0357 26010000 		.4byte	.LASF106
 596 035b 05       		.byte	0x5
 597 035c 23       		.byte	0x23
 598 035d 67030000 		.4byte	0x367
 599 0361 05       		.uleb128 0x5
 600 0362 03       		.byte	0x3
 601 0363 00000000 		.4byte	speedLeft
 602 0367 05       		.uleb128 0x5
 603 0368 5D000000 		.4byte	0x5d
 604 036c 0B       		.uleb128 0xb
 605 036d 41000000 		.4byte	.LASF107
 606 0371 05       		.byte	0x5
 607 0372 24       		.byte	0x24
 608 0373 67030000 		.4byte	0x367
 609 0377 05       		.uleb128 0x5
 610 0378 03       		.byte	0x3
 611 0379 00000000 		.4byte	speedRight
 612 037d 00       		.byte	0
 613              		.section	.debug_abbrev,"",%progbits
 614              	.Ldebug_abbrev0:
 615 0000 01       		.uleb128 0x1
 616 0001 11       		.uleb128 0x11
 617 0002 01       		.byte	0x1
 618 0003 25       		.uleb128 0x25
 619 0004 0E       		.uleb128 0xe
ARM GAS  C:\Users\lesia\AppData\Local\Temp\cc3E9Ck1.s 			page 15


 620 0005 13       		.uleb128 0x13
 621 0006 0B       		.uleb128 0xb
 622 0007 03       		.uleb128 0x3
 623 0008 0E       		.uleb128 0xe
 624 0009 1B       		.uleb128 0x1b
 625 000a 0E       		.uleb128 0xe
 626 000b 55       		.uleb128 0x55
 627 000c 17       		.uleb128 0x17
 628 000d 11       		.uleb128 0x11
 629 000e 01       		.uleb128 0x1
 630 000f 10       		.uleb128 0x10
 631 0010 17       		.uleb128 0x17
 632 0011 00       		.byte	0
 633 0012 00       		.byte	0
 634 0013 02       		.uleb128 0x2
 635 0014 24       		.uleb128 0x24
 636 0015 00       		.byte	0
 637 0016 0B       		.uleb128 0xb
 638 0017 0B       		.uleb128 0xb
 639 0018 3E       		.uleb128 0x3e
 640 0019 0B       		.uleb128 0xb
 641 001a 03       		.uleb128 0x3
 642 001b 0E       		.uleb128 0xe
 643 001c 00       		.byte	0
 644 001d 00       		.byte	0
 645 001e 03       		.uleb128 0x3
 646 001f 24       		.uleb128 0x24
 647 0020 00       		.byte	0
 648 0021 0B       		.uleb128 0xb
 649 0022 0B       		.uleb128 0xb
 650 0023 3E       		.uleb128 0x3e
 651 0024 0B       		.uleb128 0xb
 652 0025 03       		.uleb128 0x3
 653 0026 08       		.uleb128 0x8
 654 0027 00       		.byte	0
 655 0028 00       		.byte	0
 656 0029 04       		.uleb128 0x4
 657 002a 16       		.uleb128 0x16
 658 002b 00       		.byte	0
 659 002c 03       		.uleb128 0x3
 660 002d 0E       		.uleb128 0xe
 661 002e 3A       		.uleb128 0x3a
 662 002f 0B       		.uleb128 0xb
 663 0030 3B       		.uleb128 0x3b
 664 0031 05       		.uleb128 0x5
 665 0032 49       		.uleb128 0x49
 666 0033 13       		.uleb128 0x13
 667 0034 00       		.byte	0
 668 0035 00       		.byte	0
 669 0036 05       		.uleb128 0x5
 670 0037 35       		.uleb128 0x35
 671 0038 00       		.byte	0
 672 0039 49       		.uleb128 0x49
 673 003a 13       		.uleb128 0x13
 674 003b 00       		.byte	0
 675 003c 00       		.byte	0
 676 003d 06       		.uleb128 0x6
ARM GAS  C:\Users\lesia\AppData\Local\Temp\cc3E9Ck1.s 			page 16


 677 003e 04       		.uleb128 0x4
 678 003f 01       		.byte	0x1
 679 0040 0B       		.uleb128 0xb
 680 0041 0B       		.uleb128 0xb
 681 0042 49       		.uleb128 0x49
 682 0043 13       		.uleb128 0x13
 683 0044 3A       		.uleb128 0x3a
 684 0045 0B       		.uleb128 0xb
 685 0046 3B       		.uleb128 0x3b
 686 0047 05       		.uleb128 0x5
 687 0048 01       		.uleb128 0x1
 688 0049 13       		.uleb128 0x13
 689 004a 00       		.byte	0
 690 004b 00       		.byte	0
 691 004c 07       		.uleb128 0x7
 692 004d 28       		.uleb128 0x28
 693 004e 00       		.byte	0
 694 004f 03       		.uleb128 0x3
 695 0050 0E       		.uleb128 0xe
 696 0051 1C       		.uleb128 0x1c
 697 0052 0B       		.uleb128 0xb
 698 0053 00       		.byte	0
 699 0054 00       		.byte	0
 700 0055 08       		.uleb128 0x8
 701 0056 2E       		.uleb128 0x2e
 702 0057 01       		.byte	0x1
 703 0058 3F       		.uleb128 0x3f
 704 0059 19       		.uleb128 0x19
 705 005a 03       		.uleb128 0x3
 706 005b 0E       		.uleb128 0xe
 707 005c 3A       		.uleb128 0x3a
 708 005d 0B       		.uleb128 0xb
 709 005e 3B       		.uleb128 0x3b
 710 005f 0B       		.uleb128 0xb
 711 0060 27       		.uleb128 0x27
 712 0061 19       		.uleb128 0x19
 713 0062 11       		.uleb128 0x11
 714 0063 01       		.uleb128 0x1
 715 0064 12       		.uleb128 0x12
 716 0065 06       		.uleb128 0x6
 717 0066 40       		.uleb128 0x40
 718 0067 18       		.uleb128 0x18
 719 0068 9742     		.uleb128 0x2117
 720 006a 19       		.uleb128 0x19
 721 006b 01       		.uleb128 0x1
 722 006c 13       		.uleb128 0x13
 723 006d 00       		.byte	0
 724 006e 00       		.byte	0
 725 006f 09       		.uleb128 0x9
 726 0070 05       		.uleb128 0x5
 727 0071 00       		.byte	0
 728 0072 03       		.uleb128 0x3
 729 0073 0E       		.uleb128 0xe
 730 0074 3A       		.uleb128 0x3a
 731 0075 0B       		.uleb128 0xb
 732 0076 3B       		.uleb128 0x3b
 733 0077 0B       		.uleb128 0xb
ARM GAS  C:\Users\lesia\AppData\Local\Temp\cc3E9Ck1.s 			page 17


 734 0078 49       		.uleb128 0x49
 735 0079 13       		.uleb128 0x13
 736 007a 02       		.uleb128 0x2
 737 007b 18       		.uleb128 0x18
 738 007c 00       		.byte	0
 739 007d 00       		.byte	0
 740 007e 0A       		.uleb128 0xa
 741 007f 05       		.uleb128 0x5
 742 0080 00       		.byte	0
 743 0081 03       		.uleb128 0x3
 744 0082 08       		.uleb128 0x8
 745 0083 3A       		.uleb128 0x3a
 746 0084 0B       		.uleb128 0xb
 747 0085 3B       		.uleb128 0x3b
 748 0086 0B       		.uleb128 0xb
 749 0087 49       		.uleb128 0x49
 750 0088 13       		.uleb128 0x13
 751 0089 02       		.uleb128 0x2
 752 008a 18       		.uleb128 0x18
 753 008b 00       		.byte	0
 754 008c 00       		.byte	0
 755 008d 0B       		.uleb128 0xb
 756 008e 34       		.uleb128 0x34
 757 008f 00       		.byte	0
 758 0090 03       		.uleb128 0x3
 759 0091 0E       		.uleb128 0xe
 760 0092 3A       		.uleb128 0x3a
 761 0093 0B       		.uleb128 0xb
 762 0094 3B       		.uleb128 0x3b
 763 0095 0B       		.uleb128 0xb
 764 0096 49       		.uleb128 0x49
 765 0097 13       		.uleb128 0x13
 766 0098 3F       		.uleb128 0x3f
 767 0099 19       		.uleb128 0x19
 768 009a 02       		.uleb128 0x2
 769 009b 18       		.uleb128 0x18
 770 009c 00       		.byte	0
 771 009d 00       		.byte	0
 772 009e 00       		.byte	0
 773              		.section	.debug_aranges,"",%progbits
 774 0000 2C000000 		.4byte	0x2c
 775 0004 0200     		.2byte	0x2
 776 0006 00000000 		.4byte	.Ldebug_info0
 777 000a 04       		.byte	0x4
 778 000b 00       		.byte	0
 779 000c 0000     		.2byte	0
 780 000e 0000     		.2byte	0
 781 0010 00000000 		.4byte	.LFB35
 782 0014 30000000 		.4byte	.LFE35-.LFB35
 783 0018 00000000 		.4byte	.LFB36
 784 001c 1C000000 		.4byte	.LFE36-.LFB36
 785 0020 00000000 		.4byte	.LFB37
 786 0024 1C000000 		.4byte	.LFE37-.LFB37
 787 0028 00000000 		.4byte	0
 788 002c 00000000 		.4byte	0
 789              		.section	.debug_ranges,"",%progbits
 790              	.Ldebug_ranges0:
ARM GAS  C:\Users\lesia\AppData\Local\Temp\cc3E9Ck1.s 			page 18


 791 0000 00000000 		.4byte	.LFB35
 792 0004 30000000 		.4byte	.LFE35
 793 0008 00000000 		.4byte	.LFB36
 794 000c 1C000000 		.4byte	.LFE36
 795 0010 00000000 		.4byte	.LFB37
 796 0014 1C000000 		.4byte	.LFE37
 797 0018 00000000 		.4byte	0
 798 001c 00000000 		.4byte	0
 799              		.section	.debug_line,"",%progbits
 800              	.Ldebug_line0:
 801 0000 B8000000 		.section	.debug_str,"MS",%progbits,1
 801      02007300 
 801      00000201 
 801      FB0E0D00 
 801      01010101 
 802              	.LASF88:
 803 0000 4359424C 		.ascii	"CYBLE_STATE_STOPPED\000"
 803      455F5354 
 803      4154455F 
 803      53544F50 
 803      50454400 
 804              	.LASF25:
 805 0014 4359424C 		.ascii	"CYBLE_EVT_GAP_PASSKEY_ENTRY_REQUEST\000"
 805      455F4556 
 805      545F4741 
 805      505F5041 
 805      53534B45 
 806              	.LASF104:
 807 0038 5072696E 		.ascii	"PrintHex\000"
 807      74486578 
 807      00
 808              	.LASF107:
 809 0041 73706565 		.ascii	"speedRight\000"
 809      64526967 
 809      687400
 810              	.LASF22:
 811 004c 4359424C 		.ascii	"CYBLE_EVT_MEMORY_REQUEST\000"
 811      455F4556 
 811      545F4D45 
 811      4D4F5259 
 811      5F524551 
 812              	.LASF47:
 813 0065 4359424C 		.ascii	"CYBLE_EVT_GATTC_ERROR_RSP\000"
 813      455F4556 
 813      545F4741 
 813      5454435F 
 813      4552524F 
 814              	.LASF85:
 815 007f 4359424C 		.ascii	"CYBLE_EVT_HCI_PKT\000"
 815      455F4556 
 815      545F4843 
 815      495F504B 
 815      5400
 816              	.LASF37:
 817 0091 4359424C 		.ascii	"CYBLE_EVT_GAP_KEYPRESS_NOTIFICATION\000"
 817      455F4556 
 817      545F4741 
ARM GAS  C:\Users\lesia\AppData\Local\Temp\cc3E9Ck1.s 			page 19


 817      505F4B45 
 817      59505245 
 818              	.LASF2:
 819 00b5 73686F72 		.ascii	"short int\000"
 819      7420696E 
 819      7400
 820              	.LASF28:
 821 00bf 4359424C 		.ascii	"CYBLE_EVT_GAP_AUTH_FAILED\000"
 821      455F4556 
 821      545F4741 
 821      505F4155 
 821      54485F46 
 822              	.LASF49:
 823 00d9 4359424C 		.ascii	"CYBLE_EVT_GATT_DISCONNECT_IND\000"
 823      455F4556 
 823      545F4741 
 823      54545F44 
 823      4953434F 
 824              	.LASF98:
 825 00f7 4359424C 		.ascii	"CYBLE_SRVI_CUSTOMS\000"
 825      455F5352 
 825      56495F43 
 825      5553544F 
 825      4D5300
 826              	.LASF15:
 827 010a 73697A65 		.ascii	"sizetype\000"
 827      74797065 
 827      00
 828              	.LASF101:
 829 0113 53656E64 		.ascii	"SendBLEStatetoUART\000"
 829      424C4553 
 829      74617465 
 829      746F5541 
 829      525400
 830              	.LASF106:
 831 0126 73706565 		.ascii	"speedLeft\000"
 831      644C6566 
 831      7400
 832              	.LASF39:
 833 0130 4359424C 		.ascii	"CYBLE_EVT_GAP_DATA_LENGTH_CHANGE\000"
 833      455F4556 
 833      545F4741 
 833      505F4441 
 833      54415F4C 
 834              	.LASF20:
 835 0151 4359424C 		.ascii	"CYBLE_EVT_HCI_STATUS\000"
 835      455F4556 
 835      545F4843 
 835      495F5354 
 835      41545553 
 836              	.LASF6:
 837 0166 6C6F6E67 		.ascii	"long long int\000"
 837      206C6F6E 
 837      6720696E 
 837      7400
 838              	.LASF60:
 839 0174 4359424C 		.ascii	"CYBLE_EVT_GATTC_WRITE_RSP\000"
ARM GAS  C:\Users\lesia\AppData\Local\Temp\cc3E9Ck1.s 			page 20


 839      455F4556 
 839      545F4741 
 839      5454435F 
 839      57524954 
 840              	.LASF53:
 841 018e 4359424C 		.ascii	"CYBLE_EVT_GATTC_READ_BY_TYPE_RSP\000"
 841      455F4556 
 841      545F4741 
 841      5454435F 
 841      52454144 
 842              	.LASF17:
 843 01af 4359424C 		.ascii	"CYBLE_EVT_STACK_ON\000"
 843      455F4556 
 843      545F5354 
 843      41434B5F 
 843      4F4E00
 844              	.LASF90:
 845 01c2 4359424C 		.ascii	"CYBLE_STATE_CONNECTED\000"
 845      455F5354 
 845      4154455F 
 845      434F4E4E 
 845      45435445 
 846              	.LASF46:
 847 01d8 4359424C 		.ascii	"CYBLE_EVT_GAP_SMP_LOC_P256_KEYS_GEN_AND_SET_COMPLET"
 847      455F4556 
 847      545F4741 
 847      505F534D 
 847      505F4C4F 
 848 020b 4500     		.ascii	"E\000"
 849              	.LASF50:
 850 020d 4359424C 		.ascii	"CYBLE_EVT_GATTS_XCNHG_MTU_REQ\000"
 850      455F4556 
 850      545F4741 
 850      5454535F 
 850      58434E48 
 851              	.LASF10:
 852 022b 75696E74 		.ascii	"uint16\000"
 852      313600
 853              	.LASF35:
 854 0232 4359424C 		.ascii	"CYBLE_EVT_GAP_KEYINFO_EXCHNGE_CMPLT\000"
 854      455F4556 
 854      545F4741 
 854      505F4B45 
 854      59494E46 
 855              	.LASF58:
 856 0256 4359424C 		.ascii	"CYBLE_EVT_GATTC_READ_MULTI_RSP\000"
 856      455F4556 
 856      545F4741 
 856      5454435F 
 856      52454144 
 857              	.LASF67:
 858 0275 4359424C 		.ascii	"CYBLE_EVT_GATTS_HANDLE_VALUE_CNF\000"
 858      455F4556 
 858      545F4741 
 858      5454535F 
 858      48414E44 
 859              	.LASF16:
ARM GAS  C:\Users\lesia\AppData\Local\Temp\cc3E9Ck1.s 			page 21


 860 0296 4359424C 		.ascii	"CYBLE_EVT_HOST_INVALID\000"
 860      455F4556 
 860      545F484F 
 860      53545F49 
 860      4E56414C 
 861              	.LASF100:
 862 02ad 4359424C 		.ascii	"CYBLE_SRVI_COUNT\000"
 862      455F5352 
 862      56495F43 
 862      4F554E54 
 862      00
 863              	.LASF75:
 864 02be 4359424C 		.ascii	"CYBLE_EVT_L2CAP_CBFC_CONN_IND\000"
 864      455F4556 
 864      545F4C32 
 864      4341505F 
 864      43424643 
 865              	.LASF78:
 866 02dc 4359424C 		.ascii	"CYBLE_EVT_L2CAP_CBFC_DISCONN_CNF\000"
 866      455F4556 
 866      545F4C32 
 866      4341505F 
 866      43424643 
 867              	.LASF89:
 868 02fd 4359424C 		.ascii	"CYBLE_STATE_INITIALIZING\000"
 868      455F5354 
 868      4154455F 
 868      494E4954 
 868      49414C49 
 869              	.LASF11:
 870 0316 666C6F61 		.ascii	"float\000"
 870      7400
 871              	.LASF56:
 872 031c 4359424C 		.ascii	"CYBLE_EVT_GATTC_READ_RSP\000"
 872      455F4556 
 872      545F4741 
 872      5454435F 
 872      52454144 
 873              	.LASF36:
 874 0335 4359424C 		.ascii	"CYBLE_EVT_GAP_NUMERIC_COMPARISON_REQUEST\000"
 874      455F4556 
 874      545F4741 
 874      505F4E55 
 874      4D455249 
 875              	.LASF41:
 876 035e 4359424C 		.ascii	"CYBLE_EVT_GAPC_DIRECT_ADV_REPORT\000"
 876      455F4556 
 876      545F4741 
 876      50435F44 
 876      49524543 
 877              	.LASF7:
 878 037f 6C6F6E67 		.ascii	"long long unsigned int\000"
 878      206C6F6E 
 878      6720756E 
 878      7369676E 
 878      65642069 
 879              	.LASF45:
ARM GAS  C:\Users\lesia\AppData\Local\Temp\cc3E9Ck1.s 			page 22


 880 0396 4359424C 		.ascii	"CYBLE_EVT_GAP_AUTH_REQ_REPLY_ERR\000"
 880      455F4556 
 880      545F4741 
 880      505F4155 
 880      54485F52 
 881              	.LASF105:
 882 03b7 63757272 		.ascii	"current_watchdog_counter\000"
 882      656E745F 
 882      77617463 
 882      68646F67 
 882      5F636F75 
 883              	.LASF4:
 884 03d0 6C6F6E67 		.ascii	"long int\000"
 884      20696E74 
 884      00
 885              	.LASF66:
 886 03d9 4359424C 		.ascii	"CYBLE_EVT_GATTC_HANDLE_VALUE_IND\000"
 886      455F4556 
 886      545F4741 
 886      5454435F 
 886      48414E44 
 887              	.LASF97:
 888 03fa 4359424C 		.ascii	"CYBLE_SRVI_GATT\000"
 888      455F5352 
 888      56495F47 
 888      41545400 
 889              	.LASF30:
 890 040a 4359424C 		.ascii	"CYBLE_EVT_GAP_DEVICE_CONNECTED\000"
 890      455F4556 
 890      545F4741 
 890      505F4445 
 890      56494345 
 891              	.LASF102:
 892 0429 5072696E 		.ascii	"PrintNum\000"
 892      744E756D 
 892      00
 893              	.LASF99:
 894 0432 4359424C 		.ascii	"CYBLE_SRVI_CUSTOMS_END\000"
 894      455F5352 
 894      56495F43 
 894      5553544F 
 894      4D535F45 
 895              	.LASF65:
 896 0449 4359424C 		.ascii	"CYBLE_EVT_GATTC_HANDLE_VALUE_NTF\000"
 896      455F4556 
 896      545F4741 
 896      5454435F 
 896      48414E44 
 897              	.LASF21:
 898 046a 4359424C 		.ascii	"CYBLE_EVT_STACK_BUSY_STATUS\000"
 898      455F4556 
 898      545F5354 
 898      41434B5F 
 898      42555359 
 899              	.LASF26:
 900 0486 4359424C 		.ascii	"CYBLE_EVT_GAP_PASSKEY_DISPLAY_REQUEST\000"
 900      455F4556 
ARM GAS  C:\Users\lesia\AppData\Local\Temp\cc3E9Ck1.s 			page 23


 900      545F4741 
 900      505F5041 
 900      53534B45 
 901              	.LASF108:
 902 04ac 474E5520 		.ascii	"GNU C11 5.4.1 20160609 (release) [ARM/embedded-5-br"
 902      43313120 
 902      352E342E 
 902      31203230 
 902      31363036 
 903 04df 616E6368 		.ascii	"anch revision 237715] -mcpu=cortex-m0 -mthumb -g -O"
 903      20726576 
 903      6973696F 
 903      6E203233 
 903      37373135 
 904 0512 30202D66 		.ascii	"0 -ffunction-sections -ffat-lto-objects\000"
 904      66756E63 
 904      74696F6E 
 904      2D736563 
 904      74696F6E 
 905              	.LASF76:
 906 053a 4359424C 		.ascii	"CYBLE_EVT_L2CAP_CBFC_CONN_CNF\000"
 906      455F4556 
 906      545F4C32 
 906      4341505F 
 906      43424643 
 907              	.LASF40:
 908 0558 4359424C 		.ascii	"CYBLE_EVT_GAP_ENHANCE_CONN_COMPLETE\000"
 908      455F4556 
 908      545F4741 
 908      505F454E 
 908      48414E43 
 909              	.LASF14:
 910 057c 6C6F6E67 		.ascii	"long double\000"
 910      20646F75 
 910      626C6500 
 911              	.LASF72:
 912 0588 4359424C 		.ascii	"CYBLE_EVT_L2CAP_CONN_PARAM_UPDATE_REQ\000"
 912      455F4556 
 912      545F4C32 
 912      4341505F 
 912      434F4E4E 
 913              	.LASF1:
 914 05ae 756E7369 		.ascii	"unsigned char\000"
 914      676E6564 
 914      20636861 
 914      7200
 915              	.LASF62:
 916 05bc 4359424C 		.ascii	"CYBLE_EVT_GATTS_PREP_WRITE_REQ\000"
 916      455F4556 
 916      545F4741 
 916      5454535F 
 916      50524550 
 917              	.LASF84:
 918 05db 4359424C 		.ascii	"CYBLE_EVT_LE_PING_AUTH_TIMEOUT\000"
 918      455F4556 
 918      545F4C45 
 918      5F50494E 
ARM GAS  C:\Users\lesia\AppData\Local\Temp\cc3E9Ck1.s 			page 24


 918      475F4155 
 919              	.LASF110:
 920 05fa 453A5C55 		.ascii	"E:\\Users\\lesia\\Desktop\\Mesh_Flood_PSoC4BLE.cyds"
 920      73657273 
 920      5C6C6573 
 920      69615C44 
 920      65736B74 
 921 0629 6E00     		.ascii	"n\000"
 922              	.LASF109:
 923 062b 64656275 		.ascii	"debug.c\000"
 923      672E6300 
 924              	.LASF0:
 925 0633 7369676E 		.ascii	"signed char\000"
 925      65642063 
 925      68617200 
 926              	.LASF59:
 927 063f 4359424C 		.ascii	"CYBLE_EVT_GATTS_WRITE_REQ\000"
 927      455F4556 
 927      545F4741 
 927      5454535F 
 927      57524954 
 928              	.LASF55:
 929 0659 4359424C 		.ascii	"CYBLE_EVT_GATTC_FIND_BY_TYPE_VALUE_RSP\000"
 929      455F4556 
 929      545F4741 
 929      5454435F 
 929      46494E44 
 930              	.LASF27:
 931 0680 4359424C 		.ascii	"CYBLE_EVT_GAP_AUTH_COMPLETE\000"
 931      455F4556 
 931      545F4741 
 931      505F4155 
 931      54485F43 
 932              	.LASF8:
 933 069c 756E7369 		.ascii	"unsigned int\000"
 933      676E6564 
 933      20696E74 
 933      00
 934              	.LASF48:
 935 06a9 4359424C 		.ascii	"CYBLE_EVT_GATT_CONNECT_IND\000"
 935      455F4556 
 935      545F4741 
 935      54545F43 
 935      4F4E4E45 
 936              	.LASF5:
 937 06c4 6C6F6E67 		.ascii	"long unsigned int\000"
 937      20756E73 
 937      69676E65 
 937      6420696E 
 937      7400
 938              	.LASF24:
 939 06d6 4359424C 		.ascii	"CYBLE_EVT_GAP_AUTH_REQ\000"
 939      455F4556 
 939      545F4741 
 939      505F4155 
 939      54485F52 
 940              	.LASF95:
ARM GAS  C:\Users\lesia\AppData\Local\Temp\cc3E9Ck1.s 			page 25


 941 06ed 4359424C 		.ascii	"CYBLE_STATE_T\000"
 941      455F5354 
 941      4154455F 
 941      5400
 942              	.LASF77:
 943 06fb 4359424C 		.ascii	"CYBLE_EVT_L2CAP_CBFC_DISCONN_IND\000"
 943      455F4556 
 943      545F4C32 
 943      4341505F 
 943      43424643 
 944              	.LASF32:
 945 071c 4359424C 		.ascii	"CYBLE_EVT_GAP_ENCRYPT_CHANGE\000"
 945      455F4556 
 945      545F4741 
 945      505F454E 
 945      43525950 
 946              	.LASF43:
 947 0739 4359424C 		.ascii	"CYBLE_EVT_GAP_CONN_ESTB\000"
 947      455F4556 
 947      545F4741 
 947      505F434F 
 947      4E4E5F45 
 948              	.LASF71:
 949 0751 4359424C 		.ascii	"CYBLE_EVT_GATTC_LONG_PROCEDURE_END\000"
 949      455F4556 
 949      545F4741 
 949      5454435F 
 949      4C4F4E47 
 950              	.LASF3:
 951 0774 73686F72 		.ascii	"short unsigned int\000"
 951      7420756E 
 951      7369676E 
 951      65642069 
 951      6E7400
 952              	.LASF86:
 953 0787 4359424C 		.ascii	"CYBLE_EVT_FLASH_CORRUPT\000"
 953      455F4556 
 953      545F464C 
 953      4153485F 
 953      434F5252 
 954              	.LASF33:
 955 079f 4359424C 		.ascii	"CYBLE_EVT_GAP_CONNECTION_UPDATE_COMPLETE\000"
 955      455F4556 
 955      545F4741 
 955      505F434F 
 955      4E4E4543 
 956              	.LASF42:
 957 07c8 4359424C 		.ascii	"CYBLE_EVT_GAP_SMP_NEGOTIATED_AUTH_INFO\000"
 957      455F4556 
 957      545F4741 
 957      505F534D 
 957      505F4E45 
 958              	.LASF13:
 959 07ef 63686172 		.ascii	"char\000"
 959      00
 960              	.LASF74:
 961 07f4 4359424C 		.ascii	"CYBLE_EVT_L2CAP_COMMAND_REJ\000"
ARM GAS  C:\Users\lesia\AppData\Local\Temp\cc3E9Ck1.s 			page 26


 961      455F4556 
 961      545F4C32 
 961      4341505F 
 961      434F4D4D 
 962              	.LASF94:
 963 0810 4359424C 		.ascii	"CYBLE_STATE_DISCONNECTED\000"
 963      455F5354 
 963      4154455F 
 963      44495343 
 963      4F4E4E45 
 964              	.LASF9:
 965 0829 75696E74 		.ascii	"uint8\000"
 965      3800
 966              	.LASF92:
 967 082f 4359424C 		.ascii	"CYBLE_STATE_SCANNING\000"
 967      455F5354 
 967      4154455F 
 967      5343414E 
 967      4E494E47 
 968              	.LASF57:
 969 0844 4359424C 		.ascii	"CYBLE_EVT_GATTC_READ_BLOB_RSP\000"
 969      455F4556 
 969      545F4741 
 969      5454435F 
 969      52454144 
 970              	.LASF91:
 971 0862 4359424C 		.ascii	"CYBLE_STATE_ADVERTISING\000"
 971      455F5354 
 971      4154455F 
 971      41445645 
 971      52544953 
 972              	.LASF64:
 973 087a 4359424C 		.ascii	"CYBLE_EVT_GATTC_EXEC_WRITE_RSP\000"
 973      455F4556 
 973      545F4741 
 973      5454435F 
 973      45584543 
 974              	.LASF34:
 975 0899 4359424C 		.ascii	"CYBLE_EVT_GAPC_SCAN_START_STOP\000"
 975      455F4556 
 975      545F4741 
 975      50435F53 
 975      43414E5F 
 976              	.LASF83:
 977 08b8 4359424C 		.ascii	"CYBLE_EVT_PENDING_FLASH_WRITE\000"
 977      455F4556 
 977      545F5045 
 977      4E44494E 
 977      475F464C 
 978              	.LASF80:
 979 08d6 4359424C 		.ascii	"CYBLE_EVT_L2CAP_CBFC_RX_CREDIT_IND\000"
 979      455F4556 
 979      545F4C32 
 979      4341505F 
 979      43424643 
 980              	.LASF12:
 981 08f9 646F7562 		.ascii	"double\000"
ARM GAS  C:\Users\lesia\AppData\Local\Temp\cc3E9Ck1.s 			page 27


 981      6C6500
 982              	.LASF81:
 983 0900 4359424C 		.ascii	"CYBLE_EVT_L2CAP_CBFC_TX_CREDIT_IND\000"
 983      455F4556 
 983      545F4C32 
 983      4341505F 
 983      43424643 
 984              	.LASF44:
 985 0923 4359424C 		.ascii	"CYBLE_EVT_GAP_SCAN_REQ_RECVD\000"
 985      455F4556 
 985      545F4741 
 985      505F5343 
 985      414E5F52 
 986              	.LASF96:
 987 0940 4359424C 		.ascii	"CYBLE_SRVI_GAP\000"
 987      455F5352 
 987      56495F47 
 987      415000
 988              	.LASF29:
 989 094f 4359424C 		.ascii	"CYBLE_EVT_GAPP_ADVERTISEMENT_START_STOP\000"
 989      455F4556 
 989      545F4741 
 989      50505F41 
 989      44564552 
 990              	.LASF19:
 991 0977 4359424C 		.ascii	"CYBLE_EVT_HARDWARE_ERROR\000"
 991      455F4556 
 991      545F4841 
 991      52445741 
 991      52455F45 
 992              	.LASF79:
 993 0990 4359424C 		.ascii	"CYBLE_EVT_L2CAP_CBFC_DATA_READ\000"
 993      455F4556 
 993      545F4C32 
 993      4341505F 
 993      43424643 
 994              	.LASF73:
 995 09af 4359424C 		.ascii	"CYBLE_EVT_L2CAP_CONN_PARAM_UPDATE_RSP\000"
 995      455F4556 
 995      545F4C32 
 995      4341505F 
 995      434F4E4E 
 996              	.LASF23:
 997 09d5 4359424C 		.ascii	"CYBLE_EVT_GAPC_SCAN_PROGRESS_RESULT\000"
 997      455F4556 
 997      545F4741 
 997      50435F53 
 997      43414E5F 
 998              	.LASF52:
 999 09f9 4359424C 		.ascii	"CYBLE_EVT_GATTC_READ_BY_GROUP_TYPE_RSP\000"
 999      455F4556 
 999      545F4741 
 999      5454435F 
 999      52454144 
 1000              	.LASF61:
 1001 0a20 4359424C 		.ascii	"CYBLE_EVT_GATTS_WRITE_CMD_REQ\000"
 1001      455F4556 
ARM GAS  C:\Users\lesia\AppData\Local\Temp\cc3E9Ck1.s 			page 28


 1001      545F4741 
 1001      5454535F 
 1001      57524954 
 1002              	.LASF51:
 1003 0a3e 4359424C 		.ascii	"CYBLE_EVT_GATTC_XCHNG_MTU_RSP\000"
 1003      455F4556 
 1003      545F4741 
 1003      5454435F 
 1003      5843484E 
 1004              	.LASF82:
 1005 0a5c 4359424C 		.ascii	"CYBLE_EVT_L2CAP_CBFC_DATA_WRITE_IND\000"
 1005      455F4556 
 1005      545F4C32 
 1005      4341505F 
 1005      43424643 
 1006              	.LASF18:
 1007 0a80 4359424C 		.ascii	"CYBLE_EVT_TIMEOUT\000"
 1007      455F4556 
 1007      545F5449 
 1007      4D454F55 
 1007      5400
 1008              	.LASF87:
 1009 0a92 4359424C 		.ascii	"CYBLE_EVT_MAX\000"
 1009      455F4556 
 1009      545F4D41 
 1009      5800
 1010              	.LASF70:
 1011 0aa0 4359424C 		.ascii	"CYBLE_EVT_GATTS_READ_CHAR_VAL_ACCESS_REQ\000"
 1011      455F4556 
 1011      545F4741 
 1011      5454535F 
 1011      52454144 
 1012              	.LASF54:
 1013 0ac9 4359424C 		.ascii	"CYBLE_EVT_GATTC_FIND_INFO_RSP\000"
 1013      455F4556 
 1013      545F4741 
 1013      5454435F 
 1013      46494E44 
 1014              	.LASF69:
 1015 0ae7 4359424C 		.ascii	"CYBLE_EVT_GATTC_STOP_CMD_COMPLETE\000"
 1015      455F4556 
 1015      545F4741 
 1015      5454435F 
 1015      53544F50 
 1016              	.LASF103:
 1017 0b09 626C655F 		.ascii	"ble_state\000"
 1017      73746174 
 1017      6500
 1018              	.LASF63:
 1019 0b13 4359424C 		.ascii	"CYBLE_EVT_GATTS_EXEC_WRITE_REQ\000"
 1019      455F4556 
 1019      545F4741 
 1019      5454535F 
 1019      45584543 
 1020              	.LASF31:
 1021 0b32 4359424C 		.ascii	"CYBLE_EVT_GAP_DEVICE_DISCONNECTED\000"
 1021      455F4556 
ARM GAS  C:\Users\lesia\AppData\Local\Temp\cc3E9Ck1.s 			page 29


 1021      545F4741 
 1021      505F4445 
 1021      56494345 
 1022              	.LASF68:
 1023 0b54 4359424C 		.ascii	"CYBLE_EVT_GATTS_DATA_SIGNED_CMD_REQ\000"
 1023      455F4556 
 1023      545F4741 
 1023      5454535F 
 1023      44415441 
 1024              	.LASF93:
 1025 0b78 4359424C 		.ascii	"CYBLE_STATE_CONNECTING\000"
 1025      455F5354 
 1025      4154455F 
 1025      434F4E4E 
 1025      45435449 
 1026              	.LASF38:
 1027 0b8f 4359424C 		.ascii	"CYBLE_EVT_GAP_OOB_GENERATED_NOTIFICATION\000"
 1027      455F4556 
 1027      545F4741 
 1027      505F4F4F 
 1027      425F4745 
 1028              		.ident	"GCC: (GNU Tools for ARM Embedded Processors) 5.4.1 20160609 (release) [ARM/embedded-5-bran
